FILE_TYPE=LIBRARY_PARTS;
PRIMITIVE 'VY1222M47Y5UQ6TV0','VY1222M47Y5UQ6TV0_Other';
  PIN
    '1':
      PIN_NUMBER='(1)';
      NO_LOAD_CHECK=BOTH;
      NO_IO_CHECK=BOTH;
      ALLOW_CONNECT=TRUE;
      PINUSE='UNSPEC';
    '2':
      PIN_NUMBER='(2)';
      NO_LOAD_CHECK=BOTH;
      NO_IO_CHECK=BOTH;
      ALLOW_CONNECT=TRUE;
      PINUSE='UNSPEC';
  END_PIN;
  BODY
    PART_NAME='VY1222M47Y5UQ6TV0';
    PHYS_DES_PREFIX='C';
    NO_LOAD_CHECK='TRUE';
    PIN_COUNT='2';
    BODY_NAME='VY1222M47Y5UQ6TV0';
    JEDEC_TYPE='VY1222M47Y5UQ6TV0';
  END_BODY;
END_PRIMITIVE;
END.
