FILE_TYPE=LIBRARY_PARTS;
PRIMITIVE 'R_78K3.3_1.0','R_78K3.3_1.0_Other';
  PIN
    '+VIN':
      PIN_NUMBER='(1)';
      NO_LOAD_CHECK=BOTH;
      NO_IO_CHECK=BOTH;
      ALLOW_CONNECT=TRUE;
      PINUSE='UNSPEC';
    'GND':
      PIN_NUMBER='(2)';
      NO_LOAD_CHECK=BOTH;
      NO_IO_CHECK=BOTH;
      ALLOW_CONNECT=TRUE;
      PINUSE='UNSPEC';
    '+VOUT':
      PIN_NUMBER='(3)';
      NO_LOAD_CHECK=BOTH;
      NO_IO_CHECK=BOTH;
      ALLOW_CONNECT=TRUE;
      PINUSE='UNSPEC';
  END_PIN;
  BODY
    PART_NAME='R_78K3.3_1.0';
    PHYS_DES_PREFIX='PS';
    NO_LOAD_CHECK='TRUE';
    PIN_COUNT='3';
    BODY_NAME='R_78K3.3_1.0';
    JEDEC_TYPE='R78K3310';
  END_BODY;
END_PRIMITIVE;
END.
