FILE_TYPE=LIBRARY_PARTS;
PRIMITIVE 'UVY1E102MPD1TD','UVY1E102MPD1TD_Capacitor, Polarized Radial Diameter';
  PIN
    '+':
      PIN_NUMBER='(1)';
      NO_LOAD_CHECK=BOTH;
      NO_IO_CHECK=BOTH;
      ALLOW_CONNECT=TRUE;
      PINUSE='UNSPEC';
    '-':
      PIN_NUMBER='(2)';
      NO_LOAD_CHECK=BOTH;
      NO_IO_CHECK=BOTH;
      ALLOW_CONNECT=TRUE;
      PINUSE='UNSPEC';
  END_PIN;
  BODY
    PART_NAME='UVY1E102MPD1TD';
    PHYS_DES_PREFIX='C';
    NO_LOAD_CHECK='TRUE';
    PIN_COUNT='2';
    BODY_NAME='UVY1E102MPD1TD';
    JEDEC_TYPE='CAPPRD500W60D1025H1750';
  END_BODY;
END_PRIMITIVE;
END.
