FILE_TYPE=LIBRARY_PARTS;
PRIMITIVE 'RC2512JK_071ML','RC2512JK_071ML_Resistor Chip';
  PIN
    '1':
      PIN_NUMBER='(1)';
      NO_LOAD_CHECK=BOTH;
      NO_IO_CHECK=BOTH;
      ALLOW_CONNECT=TRUE;
      PINUSE='UNSPEC';
    '2':
      PIN_NUMBER='(2)';
      NO_LOAD_CHECK=BOTH;
      NO_IO_CHECK=BOTH;
      ALLOW_CONNECT=TRUE;
      PINUSE='UNSPEC';
  END_PIN;
  BODY
    PART_NAME='RC2512JK_071ML';
    PHYS_DES_PREFIX='R';
    NO_LOAD_CHECK='TRUE';
    PIN_COUNT='2';
    BODY_NAME='RC2512JK_071ML';
    JEDEC_TYPE='RESC6431X65N';
  END_BODY;
END_PRIMITIVE;
END.
