FILE_TYPE=LIBRARY_PARTS;
PRIMITIVE 'RFMM_0505S','RFMM_0505S_Other';
  PIN
    '+VIN':
      PIN_NUMBER='(1)';
      NO_LOAD_CHECK=BOTH;
      NO_IO_CHECK=BOTH;
      ALLOW_CONNECT=TRUE;
      PINUSE='UNSPEC';
    '-VIN':
      PIN_NUMBER='(2)';
      NO_LOAD_CHECK=BOTH;
      NO_IO_CHECK=BOTH;
      ALLOW_CONNECT=TRUE;
      PINUSE='UNSPEC';
    '-VOUT':
      PIN_NUMBER='(5)';
      NO_LOAD_CHECK=BOTH;
      NO_IO_CHECK=BOTH;
      ALLOW_CONNECT=TRUE;
      PINUSE='UNSPEC';
    '+VOUT':
      PIN_NUMBER='(7)';
      NO_LOAD_CHECK=BOTH;
      NO_IO_CHECK=BOTH;
      ALLOW_CONNECT=TRUE;
      PINUSE='UNSPEC';
  END_PIN;
  BODY
    PART_NAME='RFMM_0505S';
    PHYS_DES_PREFIX='PS';
    NO_LOAD_CHECK='TRUE';
    PIN_COUNT='4';
    BODY_NAME='RFMM_0505S';
    JEDEC_TYPE='RFMM0505S';
  END_BODY;
END_PRIMITIVE;
END.
