FILE_TYPE=LIBRARY_PARTS;
PRIMITIVE '1SMB2EZ15_R1_00001','1SMB2EZ15_R1_00001_Other';
  PIN
    'K':
      PIN_NUMBER='(1)';
      NO_LOAD_CHECK=BOTH;
      NO_IO_CHECK=BOTH;
      ALLOW_CONNECT=TRUE;
      PINUSE='UNSPEC';
    'A':
      PIN_NUMBER='(2)';
      NO_LOAD_CHECK=BOTH;
      NO_IO_CHECK=BOTH;
      ALLOW_CONNECT=TRUE;
      PINUSE='UNSPEC';
  END_PIN;
  BODY
    PART_NAME='1SMB2EZ15_R1_00001';
    PHYS_DES_PREFIX='Z';
    NO_LOAD_CHECK='TRUE';
    PIN_COUNT='2';
    BODY_NAME='1SMB2EZ15_R1_00001';
    JEDEC_TYPE='1SMB2EZ15_R1_00001';
  END_BODY;
END_PRIMITIVE;
END.
